!SESSION 2018-05-14 10:58:26.323 -----------------------------------------------
eclipse.buildId=4.7.3.M20180330-0640
java.version=1.8.0_172
java.vendor=Oracle Corporation
BootLoader constants: OS=win32, ARCH=x86_64, WS=win32, NL=en_GB
Framework arguments:  -product org.eclipse.epp.package.java.product
Command-line arguments:  -os win32 -ws win32 -arch x86_64 -product org.eclipse.epp.package.java.product

!ENTRY org.eclipse.update.configurator 4 0 2018-05-14 10:58:34.505
!MESSAGE Unable to find feature.xml in directory: C:\Users\Sruthi.Kundoor\.p2\pool\features\cucumber.eclipse.feature_0.0.21.201802160922

!ENTRY org.eclipse.equinox.p2.reconciler.dropins 4 0 2018-05-14 10:58:40.628
!MESSAGE FrameworkEvent ERROR
!STACK 0
org.osgi.framework.BundleException: Exception in org.eclipse.equinox.internal.p2.reconciler.dropins.Activator.start() of bundle org.eclipse.equinox.p2.reconciler.dropins.
	at org.eclipse.osgi.internal.framework.BundleContextImpl.startActivator(BundleContextImpl.java:800)
	at org.eclipse.osgi.internal.framework.BundleContextImpl.start(BundleContextImpl.java:729)
	at org.eclipse.osgi.internal.framework.EquinoxBundle.startWorker0(EquinoxBundle.java:933)
	at org.eclipse.osgi.internal.framework.EquinoxBundle$EquinoxModule.startWorker(EquinoxBundle.java:309)
	at org.eclipse.osgi.container.Module.doStart(Module.java:581)
	at org.eclipse.osgi.container.Module.start(Module.java:449)
	at org.eclipse.osgi.container.ModuleContainer$ContainerStartLevel.incStartLevel(ModuleContainer.java:1634)
	at org.eclipse.osgi.container.ModuleContainer$ContainerStartLevel.incStartLevel(ModuleContainer.java:1614)
	at org.eclipse.osgi.container.ModuleContainer$ContainerStartLevel.doContainerStartLevel(ModuleContainer.java:1585)
	at org.eclipse.osgi.container.ModuleContainer$ContainerStartLevel.dispatchEvent(ModuleContainer.java:1528)
	at org.eclipse.osgi.container.ModuleContainer$ContainerStartLevel.dispatchEvent(ModuleContainer.java:1)
	at org.eclipse.osgi.framework.eventmgr.EventManager.dispatchEvent(EventManager.java:230)
	at org.eclipse.osgi.framework.eventmgr.EventManager$EventThread.run(EventManager.java:340)
Caused by: java.lang.IllegalStateException: Profile C__Users_Sruthi.Kundoor_eclipse_java-oxygen_eclipse is not current. Expected timestamp 0 but was 0.
	at org.eclipse.equinox.internal.p2.engine.SimpleProfileRegistry.lockProfile(SimpleProfileRegistry.java:874)
	at org.eclipse.equinox.internal.p2.engine.Engine.perform(Engine.java:69)
	at org.eclipse.equinox.internal.p2.engine.Engine.perform(Engine.java:45)
	at org.eclipse.equinox.internal.p2.reconciler.dropins.ProfileSynchronizer.setProperty(ProfileSynchronizer.java:788)
	at org.eclipse.equinox.internal.p2.reconciler.dropins.ProfileSynchronizer.synchronize(ProfileSynchronizer.java:118)
	at org.eclipse.equinox.internal.p2.reconciler.dropins.Activator.synchronize(Activator.java:469)
	at org.eclipse.equinox.internal.p2.reconciler.dropins.Activator.start(Activator.java:177)
	at org.eclipse.osgi.internal.framework.BundleContextImpl$3.run(BundleContextImpl.java:779)
	at org.eclipse.osgi.internal.framework.BundleContextImpl$3.run(BundleContextImpl.java:1)
	at java.security.AccessController.doPrivileged(Native Method)
	at org.eclipse.osgi.internal.framework.BundleContextImpl.startActivator(BundleContextImpl.java:772)
	... 12 more
Root exception:
java.lang.IllegalStateException: Profile C__Users_Sruthi.Kundoor_eclipse_java-oxygen_eclipse is not current. Expected timestamp 0 but was 0.
	at org.eclipse.equinox.internal.p2.engine.SimpleProfileRegistry.lockProfile(SimpleProfileRegistry.java:874)
	at org.eclipse.equinox.internal.p2.engine.Engine.perform(Engine.java:69)
	at org.eclipse.equinox.internal.p2.engine.Engine.perform(Engine.java:45)
	at org.eclipse.equinox.internal.p2.reconciler.dropins.ProfileSynchronizer.setProperty(ProfileSynchronizer.java:788)
	at org.eclipse.equinox.internal.p2.reconciler.dropins.ProfileSynchronizer.synchronize(ProfileSynchronizer.java:118)
	at org.eclipse.equinox.internal.p2.reconciler.dropins.Activator.synchronize(Activator.java:469)
	at org.eclipse.equinox.internal.p2.reconciler.dropins.Activator.start(Activator.java:177)
	at org.eclipse.osgi.internal.framework.BundleContextImpl$3.run(BundleContextImpl.java:779)
	at org.eclipse.osgi.internal.framework.BundleContextImpl$3.run(BundleContextImpl.java:1)
	at java.security.AccessController.doPrivileged(Native Method)
	at org.eclipse.osgi.internal.framework.BundleContextImpl.startActivator(BundleContextImpl.java:772)
	at org.eclipse.osgi.internal.framework.BundleContextImpl.start(BundleContextImpl.java:729)
	at org.eclipse.osgi.internal.framework.EquinoxBundle.startWorker0(EquinoxBundle.java:933)
	at org.eclipse.osgi.internal.framework.EquinoxBundle$EquinoxModule.startWorker(EquinoxBundle.java:309)
	at org.eclipse.osgi.container.Module.doStart(Module.java:581)
	at org.eclipse.osgi.container.Module.start(Module.java:449)
	at org.eclipse.osgi.container.ModuleContainer$ContainerStartLevel.incStartLevel(ModuleContainer.java:1634)
	at org.eclipse.osgi.container.ModuleContainer$ContainerStartLevel.incStartLevel(ModuleContainer.java:1614)
	at org.eclipse.osgi.container.ModuleContainer$ContainerStartLevel.doContainerStartLevel(ModuleContainer.java:1585)
	at org.eclipse.osgi.container.ModuleContainer$ContainerStartLevel.dispatchEvent(ModuleContainer.java:1528)
	at org.eclipse.osgi.container.ModuleContainer$ContainerStartLevel.dispatchEvent(ModuleContainer.java:1)
	at org.eclipse.osgi.framework.eventmgr.EventManager.dispatchEvent(EventManager.java:230)
	at org.eclipse.osgi.framework.eventmgr.EventManager$EventThread.run(EventManager.java:340)
